+ python run_vectorizers_32bit.py CountVectorizer 100
Vectorizer: CountVectorizer
  pars:  {}
n_samples = 100

# Resulting array (X):
 * indptr len=101 dtype=int32
 * indices len=6553700 dtype=int32
 * data len=6553700 dtype=int64

real	0m6.922s
user	0m6.575s
sys	0m0.340s
+ python run_vectorizers_32bit.py TfidfVectorizer 100
Vectorizer: TfidfVectorizer
  pars:  {'norm': None}
n_samples = 100

# Resulting array (X):
 * indptr len=101 dtype=int32
 * indices len=6553700 dtype=int32
 * data len=6553700 dtype=float64

real	0m7.028s
user	0m6.665s
sys	0m0.352s
+ python run_vectorizers_32bit.py HashingVectorizer 100
Vectorizer: HashingVectorizer
  pars:  {'norm': None}
n_samples = 100

# Resulting array (X):
 * indptr len=101 dtype=int32
 * indices len=6352800 dtype=int32
 * data len=6352800 dtype=float64

real	0m6.406s
user	0m6.303s
sys	0m0.100s
+ python run_vectorizers_32bit.py CountVectorizer 32769
